{
"contracts/Raffle.sol":{"l":{"58":3,"59":3,"60":3,"61":3,"62":3,"63":3,"64":3,"65":3,"71":5,"72":1,"74":4,"75":1,"77":3,"80":3,"103":1,"104":1,"105":1,"106":1,"107":1,"108":1,"118":1,"120":1,"121":0,"127":1,"128":1,"136":1,"153":0,"154":0,"155":0,"156":0,"157":0,"158":0,"159":0,"161":0,"162":0,"164":0,"170":1,"174":0,"178":0,"182":0,"186":1,"190":0,"194":5,"198":5,"202":0},"path":"/home/senyou/freecodecamp/hardhat-smart-contract-lottery/contracts/Raffle.sol","s":{"1":5,"2":4,"3":3,"4":3,"5":1,"6":1,"7":1,"8":1,"9":1,"10":1,"11":1,"12":1,"13":1,"14":0,"15":0,"16":0,"17":0,"18":0,"19":1,"20":0,"21":0,"22":0,"23":1,"24":0,"25":5,"26":5,"27":0},"b":{"1":[1,4],"2":[1,3],"3":[0,1],"4":[0,0]},"f":{"1":3,"2":5,"3":1,"4":1,"5":0,"6":1,"7":0,"8":0,"9":0,"10":1,"11":0,"12":5,"13":5,"14":0},"fnMap":{"1":{"name":"constructor","line":57,"loc":{"start":{"line":50,"column":4},"end":{"line":66,"column":4}}},"2":{"name":"enterRaffle","line":68,"loc":{"start":{"line":68,"column":4},"end":{"line":81,"column":4}}},"3":{"name":"checkUpkeep","line":92,"loc":{"start":{"line":92,"column":4},"end":{"line":109,"column":4}}},"4":{"name":"performUpkeep","line":115,"loc":{"start":{"line":115,"column":4},"end":{"line":137,"column":4}}},"5":{"name":"fulfillRandomWords","line":143,"loc":{"start":{"line":143,"column":4},"end":{"line":165,"column":4}}},"6":{"name":"getRaffleState","line":169,"loc":{"start":{"line":169,"column":4},"end":{"line":171,"column":4}}},"7":{"name":"getNumWords","line":173,"loc":{"start":{"line":173,"column":4},"end":{"line":175,"column":4}}},"8":{"name":"getRequestConfirmations","line":177,"loc":{"start":{"line":177,"column":4},"end":{"line":179,"column":4}}},"9":{"name":"getRecentWinner","line":181,"loc":{"start":{"line":181,"column":4},"end":{"line":183,"column":4}}},"10":{"name":"getPlayer","line":185,"loc":{"start":{"line":185,"column":4},"end":{"line":187,"column":4}}},"11":{"name":"getLastTimeStamp","line":189,"loc":{"start":{"line":189,"column":4},"end":{"line":191,"column":4}}},"12":{"name":"getInterval","line":193,"loc":{"start":{"line":193,"column":4},"end":{"line":195,"column":4}}},"13":{"name":"getEntranceFee","line":197,"loc":{"start":{"line":197,"column":4},"end":{"line":199,"column":4}}},"14":{"name":"getNumberOfPlayers","line":201,"loc":{"start":{"line":201,"column":4},"end":{"line":203,"column":4}}}},"statementMap":{"1":{"start":{"line":71,"column":8},"end":{"line":71,"column":2495}},"2":{"start":{"line":74,"column":8},"end":{"line":74,"column":2598}},"3":{"start":{"line":77,"column":8},"end":{"line":77,"column":42}},"4":{"start":{"line":80,"column":8},"end":{"line":80,"column":36}},"5":{"start":{"line":103,"column":8},"end":{"line":103,"column":55}},"6":{"start":{"line":104,"column":8},"end":{"line":104,"column":76}},"7":{"start":{"line":105,"column":8},"end":{"line":105,"column":46}},"8":{"start":{"line":106,"column":8},"end":{"line":106,"column":51}},"9":{"start":{"line":108,"column":8},"end":{"line":108,"column":36}},"10":{"start":{"line":118,"column":8},"end":{"line":118,"column":47}},"11":{"start":{"line":120,"column":8},"end":{"line":120,"column":4262}},"12":{"start":{"line":128,"column":8},"end":{"line":128,"column":4522}},"13":{"start":{"line":136,"column":8},"end":{"line":136,"column":45}},"14":{"start":{"line":153,"column":8},"end":{"line":153,"column":65}},"15":{"start":{"line":154,"column":8},"end":{"line":154,"column":63}},"16":{"start":{"line":159,"column":8},"end":{"line":159,"column":78}},"17":{"start":{"line":161,"column":8},"end":{"line":161,"column":5696}},"18":{"start":{"line":164,"column":8},"end":{"line":164,"column":39}},"19":{"start":{"line":170,"column":8},"end":{"line":170,"column":28}},"20":{"start":{"line":174,"column":8},"end":{"line":174,"column":24}},"21":{"start":{"line":178,"column":8},"end":{"line":178,"column":36}},"22":{"start":{"line":182,"column":8},"end":{"line":182,"column":29}},"23":{"start":{"line":186,"column":8},"end":{"line":186,"column":31}},"24":{"start":{"line":190,"column":8},"end":{"line":190,"column":30}},"25":{"start":{"line":194,"column":8},"end":{"line":194,"column":25}},"26":{"start":{"line":198,"column":8},"end":{"line":198,"column":28}},"27":{"start":{"line":202,"column":8},"end":{"line":202,"column":31}}},"branchMap":{"1":{"line":71,"type":"if","locations":[{"start":{"line":71,"column":8},"end":{"line":71,"column":8}},{"start":{"line":71,"column":8},"end":{"line":71,"column":8}}]},"2":{"line":74,"type":"if","locations":[{"start":{"line":74,"column":8},"end":{"line":74,"column":8}},{"start":{"line":74,"column":8},"end":{"line":74,"column":8}}]},"3":{"line":120,"type":"if","locations":[{"start":{"line":120,"column":8},"end":{"line":120,"column":8}},{"start":{"line":120,"column":8},"end":{"line":120,"column":8}}]},"4":{"line":161,"type":"if","locations":[{"start":{"line":161,"column":8},"end":{"line":161,"column":8}},{"start":{"line":161,"column":8},"end":{"line":161,"column":8}}]}}},
"contracts/test/VRFCoordinatorV2Mock.sol":{"l":{},"path":"/home/senyou/freecodecamp/hardhat-smart-contract-lottery/contracts/test/VRFCoordinatorV2Mock.sol","s":{},"b":{},"f":{},"fnMap":{},"statementMap":{},"branchMap":{}}}
